<?xml version="1.0" encoding="UTF-8"?>
<!-- Generated by org.testng.reporters.JUnitXMLReporter -->
<testsuite hostname="DESKTOP-U1IGLB1" ignored="0" name="Test" tests="4" failures="0" timestamp="2021-11-26T17:15:04 IST" time="0.109" errors="0">
  <testcase name="RestApiTest" time="0.014" classname="MavenProj.MavenJava.RESTAPITest"/>
  <testcase name="restTesting" time="0.001" classname="MavenProj.MavenJava.RESTAPITest"/>
  <testcase name="BrowserAutomation" time="0.0" classname="MavenProj.MavenJava.SeleniumTest"/>
  <testcase name="elementsUi" time="0.0" classname="MavenProj.MavenJava.SeleniumTest"/>
</testsuite> <!-- Test -->
