<?xml version="1.0" encoding="UTF-8"?>
<testng-results skipped="0" failed="0" ignored="0" total="4" passed="4">
  <reporter-output>
  </reporter-output>
  <suite name="Suite" duration-ms="109" started-at="2021-11-26T17:15:04 IST" finished-at="2021-11-26T17:15:04 IST">
    <groups>
    </groups>
    <test name="Test" duration-ms="109" started-at="2021-11-26T17:15:04 IST" finished-at="2021-11-26T17:15:04 IST">
      <class name="MavenProj.MavenJava.RESTAPITest">
        <test-method status="PASS" signature="RestApiTest()[pri:0, instance:MavenProj.MavenJava.RESTAPITest@63753b6d]" name="RestApiTest" duration-ms="14" started-at="2021-11-26T17:15:04 IST" finished-at="2021-11-26T17:15:04 IST">
          <reporter-output>
          </reporter-output>
        </test-method> <!-- RestApiTest -->
        <test-method status="PASS" signature="restTesting()[pri:0, instance:MavenProj.MavenJava.RESTAPITest@63753b6d]" name="restTesting" duration-ms="1" started-at="2021-11-26T17:15:04 IST" finished-at="2021-11-26T17:15:04 IST">
          <reporter-output>
          </reporter-output>
        </test-method> <!-- restTesting -->
      </class> <!-- MavenProj.MavenJava.RESTAPITest -->
      <class name="MavenProj.MavenJava.SeleniumTest">
        <test-method status="PASS" signature="BrowserAutomation()[pri:0, instance:MavenProj.MavenJava.SeleniumTest@6b09bb57]" name="BrowserAutomation" duration-ms="0" started-at="2021-11-26T17:15:04 IST" finished-at="2021-11-26T17:15:04 IST">
          <reporter-output>
          </reporter-output>
        </test-method> <!-- BrowserAutomation -->
        <test-method status="PASS" signature="elementsUi()[pri:0, instance:MavenProj.MavenJava.SeleniumTest@6b09bb57]" name="elementsUi" duration-ms="0" started-at="2021-11-26T17:15:04 IST" finished-at="2021-11-26T17:15:04 IST">
          <reporter-output>
          </reporter-output>
        </test-method> <!-- elementsUi -->
      </class> <!-- MavenProj.MavenJava.SeleniumTest -->
    </test> <!-- Test -->
  </suite> <!-- Suite -->
</testng-results>
